<?xml version="1.0" encoding="UTF-8"?>
<!-- Generated by org.testng.reporters.JUnitReportReporter -->
<testsuite hostname="DESKTOP-4LB3L2I" failures="0" tests="1" name="scripts.Tc1" time="0.012" errors="0" timestamp="2023-02-03T23:48:23 EST" skipped="0">
  <testcase classname="scripts.Tc1" name="demo" time="0.012"/>
  <system-out>
    <![CDATA[hello]]>
  </system-out>
</testsuite> <!-- scripts.Tc1 -->
