<?xml version="1.0" encoding="UTF-8"?>
<!-- Generated by org.testng.reporters.JUnitReportReporter -->
<testsuite hostname="DESKTOP-4LB3L2I" failures="0" tests="1" name="scripts.Tc4" time="0.004" errors="0" timestamp="2023-02-03T23:48:23 EST" skipped="0">
  <testcase classname="scripts.Tc4" name="demo" time="0.004"/>
  <system-out>
    <![CDATA[hello javaSelenium]]>
  </system-out>
</testsuite> <!-- scripts.Tc4 -->
